<?xml version="1.0" encoding="UTF-8"?>
<!-- Generated by org.testng.reporters.JUnitReportReporter -->
<testsuite skipped="0" hostname="DESKTOP-ODFPRUL" name="com.hrms.testcases.LeaveListPageTest" tests="1" failures="0" timestamp="2020-01-21T11:52:57 EST" time="17.839" errors="0">
  <testcase name="leaveLabelValidation" time="17.839" classname="com.hrms.testcases.LeaveListPageTest"/>
</testsuite> <!-- com.hrms.testcases.LeaveListPageTest -->
