<?xml version="1.0" encoding="UTF-8"?>
<!-- Generated by org.testng.reporters.JUnitReportReporter -->
<testsuite skipped="0" hostname="DESKTOP-ODFPRUL" name="com.practice.ExcelWriting" tests="1" failures="0" timestamp="2020-01-23T20:17:20 EST" time="0.578" errors="0">
  <testcase name="write" time="0.578" classname="com.practice.ExcelWriting"/>
</testsuite> <!-- com.practice.ExcelWriting -->
