<?xml version="1.0" encoding="UTF-8"?>
<!-- Generated by org.testng.reporters.JUnitReportReporter -->
<testsuite skipped="0" hostname="DESKTOP-ODFPRUL" name="com.hrms.testcases.LoginPageTest" tests="3" failures="0" timestamp="2020-01-19T12:59:10 EST" time="35.037" errors="0">
  <testcase name="emptyPassword" time="12.860" classname="com.hrms.testcases.LoginPageTest"/>
  <testcase name="logoDisplayed" time="11.253" classname="com.hrms.testcases.LoginPageTest"/>
  <testcase name="negativeLogin" time="10.924" classname="com.hrms.testcases.LoginPageTest"/>
</testsuite> <!-- com.hrms.testcases.LoginPageTest -->
