<?xml version="1.0" encoding="UTF-8"?>
<!-- Generated by org.testng.reporters.JUnitReportReporter -->
<testsuite skipped="0" hostname="DESKTOP-ODFPRUL" name="com.practice.MyFileRead" tests="1" failures="0" timestamp="2020-01-19T15:01:56 EST" time="0.010" errors="0">
  <testcase name="read" time="0.010" classname="com.practice.MyFileRead"/>
</testsuite> <!-- com.practice.MyFileRead -->
