<?xml version="1.0" encoding="UTF-8"?>
<!-- Generated by org.testng.reporters.JUnitReportReporter -->
<testsuite skipped="0" hostname="DESKTOP-ODFPRUL" name="com.hrms.testcases.LoginPageTest" tests="3" failures="0" timestamp="2020-01-25T13:50:41 EST" time="35.087" errors="0">
  <testcase name="emptyPassword" time="10.855" classname="com.hrms.testcases.LoginPageTest"/>
  <testcase name="logoDisplayed" time="10.849" classname="com.hrms.testcases.LoginPageTest"/>
  <testcase name="negativeLogin" time="13.383" classname="com.hrms.testcases.LoginPageTest"/>
</testsuite> <!-- com.hrms.testcases.LoginPageTest -->
