<?xml version="1.0" encoding="UTF-8"?>
<!-- Generated by org.testng.reporters.JUnitReportReporter -->
<testsuite skipped="0" hostname="DESKTOP-ODFPRUL" name="com.practice.aa" tests="1" failures="0" timestamp="2020-01-23T14:23:42 EST" time="0.697" errors="0">
  <testcase name="ExcelData2D" time="0.697" classname="com.practice.aa"/>
</testsuite> <!-- com.practice.aa -->
