<?xml version="1.0" encoding="UTF-8"?>
<!-- Generated by org.testng.reporters.JUnitReportReporter -->
<testsuite skipped="0" hostname="DESKTOP-ODFPRUL" name="com.practice.PropertyFileReading" tests="1" failures="0" timestamp="2020-01-19T14:43:45 EST" time="0.017" errors="0">
  <testcase name="read" time="0.017" classname="com.practice.PropertyFileReading"/>
</testsuite> <!-- com.practice.PropertyFileReading -->
