<?xml version="1.0" encoding="UTF-8"?>
<!-- Generated by org.testng.reporters.JUnitReportReporter -->
<testsuite skipped="0" hostname="DESKTOP-ODFPRUL" name="com.testcases.LeaveListPageTest" tests="1" failures="0" timestamp="2020-01-19T12:45:56 EST" time="17.826" errors="0">
  <testcase name="leaveLabelValidation" time="17.826" classname="com.testcases.LeaveListPageTest"/>
</testsuite> <!-- com.testcases.LeaveListPageTest -->
