<?xml version="1.0" encoding="UTF-8"?>
<!-- Generated by org.testng.reporters.JUnitReportReporter -->
<testsuite skipped="0" hostname="DESKTOP-ODFPRUL" name="com.practice.XlRecap" tests="1" failures="0" timestamp="2020-01-23T20:00:23 EST" time="0.477" errors="0">
  <testcase name="read" time="0.477" classname="com.practice.XlRecap"/>
</testsuite> <!-- com.practice.XlRecap -->
