<?xml version="1.0" encoding="UTF-8"?>
<!-- Generated by org.testng.reporters.JUnitReportReporter -->
<testsuite skipped="0" hostname="DESKTOP-ODFPRUL" name="com.testcases.LoginPageTest" tests="1" failures="0" timestamp="2020-01-19T12:51:02 EST" time="16.057" errors="0">
  <testcase name="login" time="16.057" classname="com.testcases.LoginPageTest"/>
</testsuite> <!-- com.testcases.LoginPageTest -->
