<?xml version="1.0" encoding="UTF-8"?>
<!-- Generated by org.testng.reporters.JUnitReportReporter -->
<testsuite skipped="0" hostname="DESKTOP-ODFPRUL" name="com.hrms.testcases.S5_US16767" tests="1" failures="0" timestamp="2020-01-25T13:50:41 EST" time="15.926" errors="0">
  <testcase name="addEmployeVerification" time="15.926" classname="com.hrms.testcases.S5_US16767"/>
</testsuite> <!-- com.hrms.testcases.S5_US16767 -->
