<?xml version="1.0" encoding="UTF-8"?>
<!-- Generated by org.testng.reporters.JUnitReportReporter -->
<testsuite skipped="0" hostname="DESKTOP-ODFPRUL" name="com.pratice.Testing" tests="1" failures="0" timestamp="2020-01-18T12:48:56 EST" time="13.606" errors="0">
  <testcase name="testing" time="13.606" classname="com.pratice.Testing"/>
</testsuite> <!-- com.pratice.Testing -->
